[INFO ] 2022-10-11 12:10:29.331 [main] Configuration - ***********************************************************************************
[INFO ] 2022-10-11 12:10:29.336 [main] Configuration -    _____ _                   _              _          
[INFO ] 2022-10-11 12:10:29.337 [main] Configuration -   / ____| |                 | |            (_)         
[INFO ] 2022-10-11 12:10:29.339 [main] Configuration -  | (___ | |_ _ __ _   _  ___| |_ _   _ _ __ _ _____ __ 
[INFO ] 2022-10-11 12:10:29.341 [main] Configuration -   \___ \| __| '__| | | |/ __| __| | | | '__| |_  / '__|
[INFO ] 2022-10-11 12:10:29.342 [main] Configuration -   ____) | |_| |  | |_| | (__| |_| |_| | |  | |/ /| |   
[INFO ] 2022-10-11 12:10:29.344 [main] Configuration -  |_____/ \__|_|   \__,_|\___|\__|\__,_|_|  |_/___|_|   
[INFO ] 2022-10-11 12:10:29.346 [main] Configuration -                                                        
[INFO ] 2022-10-11 12:10:29.347 [main] Configuration -  Structurizr on-premises installation
[INFO ] 2022-10-11 12:10:29.349 [main] Configuration -  Build: 2829
[INFO ] 2022-10-11 12:10:29.351 [main] Configuration -  Built: 2022-10-09T10:53:38Z
[INFO ] 2022-10-11 12:10:29.353 [main] Configuration -  Data directory: /usr/local/structurizr (r: true; w: true; x: true)
[INFO ] 2022-10-11 12:10:29.355 [main] Configuration -  URL: 
[INFO ] 2022-10-11 12:10:29.356 [main] Configuration -  Memory: used=66MB; free=445MB; total=512MB; max=512MB
[INFO ] 2022-10-11 12:10:29.358 [main] Configuration - 
[INFO ] 2022-10-11 12:10:29.361 [main] Configuration -  Authentication: file
[INFO ] 2022-10-11 12:10:29.364 [main] Configuration -  Data storage: file
[INFO ] 2022-10-11 12:10:29.368 [main] Configuration -  Search: lucene
[INFO ] 2022-10-11 12:10:29.613 [main] Configuration - ***********************************************************************************
[INFO ] 2022-10-11 12:10:38.583 [http-nio-8080-exec-6] AuthenticationSuccessHandler - structurizr successfully authenticated
[INFO ] 2022-10-11 16:08:56.431 [main] Configuration - ***********************************************************************************
[INFO ] 2022-10-11 16:08:56.437 [main] Configuration -    _____ _                   _              _          
[INFO ] 2022-10-11 16:08:56.440 [main] Configuration -   / ____| |                 | |            (_)         
[INFO ] 2022-10-11 16:08:56.442 [main] Configuration -  | (___ | |_ _ __ _   _  ___| |_ _   _ _ __ _ _____ __ 
[INFO ] 2022-10-11 16:08:56.444 [main] Configuration -   \___ \| __| '__| | | |/ __| __| | | | '__| |_  / '__|
[INFO ] 2022-10-11 16:08:56.447 [main] Configuration -   ____) | |_| |  | |_| | (__| |_| |_| | |  | |/ /| |   
[INFO ] 2022-10-11 16:08:56.449 [main] Configuration -  |_____/ \__|_|   \__,_|\___|\__|\__,_|_|  |_/___|_|   
[INFO ] 2022-10-11 16:08:56.451 [main] Configuration -                                                        
[INFO ] 2022-10-11 16:08:56.453 [main] Configuration -  Structurizr on-premises installation
[INFO ] 2022-10-11 16:08:56.455 [main] Configuration -  Build: 2829
[INFO ] 2022-10-11 16:08:56.458 [main] Configuration -  Built: 2022-10-09T10:53:38Z
[INFO ] 2022-10-11 16:08:56.462 [main] Configuration -  Data directory: /usr/local/structurizr (r: true; w: true; x: true)
[INFO ] 2022-10-11 16:08:56.464 [main] Configuration -  URL: 
[INFO ] 2022-10-11 16:08:56.466 [main] Configuration -  Memory: used=65MB; free=446MB; total=512MB; max=512MB
[INFO ] 2022-10-11 16:08:56.468 [main] Configuration - 
[INFO ] 2022-10-11 16:08:56.473 [main] Configuration -  Authentication: file
[INFO ] 2022-10-11 16:08:56.477 [main] Configuration -  Data storage: file
[INFO ] 2022-10-11 16:08:56.481 [main] Configuration -  Search: lucene
[INFO ] 2022-10-11 16:08:56.711 [main] Configuration - ***********************************************************************************
[INFO ] 2022-10-12 20:43:01.064 [http-nio-8080-exec-9] AuthenticationSuccessHandler - structurizr successfully authenticated
[INFO ] 2022-10-12 21:14:57.617 [http-nio-8080-exec-1] AuthenticationSuccessHandler - structurizr successfully authenticated
[INFO ] 2022-10-13 12:06:20.098 [http-nio-8080-exec-7] AuthenticationSuccessHandler - structurizr successfully authenticated
[INFO ] 2022-10-13 12:35:57.661 [http-nio-8080-exec-8] AuthenticationSuccessHandler - structurizr successfully authenticated
[INFO ] 2022-10-13 13:14:11.344 [main] Configuration - ***********************************************************************************
[INFO ] 2022-10-13 13:14:11.350 [main] Configuration -    _____ _                   _              _          
[INFO ] 2022-10-13 13:14:11.352 [main] Configuration -   / ____| |                 | |            (_)         
[INFO ] 2022-10-13 13:14:11.354 [main] Configuration -  | (___ | |_ _ __ _   _  ___| |_ _   _ _ __ _ _____ __ 
[INFO ] 2022-10-13 13:14:11.355 [main] Configuration -   \___ \| __| '__| | | |/ __| __| | | | '__| |_  / '__|
[INFO ] 2022-10-13 13:14:11.357 [main] Configuration -   ____) | |_| |  | |_| | (__| |_| |_| | |  | |/ /| |   
[INFO ] 2022-10-13 13:14:11.359 [main] Configuration -  |_____/ \__|_|   \__,_|\___|\__|\__,_|_|  |_/___|_|   
[INFO ] 2022-10-13 13:14:11.360 [main] Configuration -                                                        
[INFO ] 2022-10-13 13:14:11.362 [main] Configuration -  Structurizr on-premises installation
[INFO ] 2022-10-13 13:14:11.364 [main] Configuration -  Build: 2829
[INFO ] 2022-10-13 13:14:11.366 [main] Configuration -  Built: 2022-10-09T10:53:38Z
[INFO ] 2022-10-13 13:14:11.368 [main] Configuration -  Data directory: /usr/local/structurizr (r: true; w: true; x: true)
[INFO ] 2022-10-13 13:14:11.370 [main] Configuration -  URL: 
[INFO ] 2022-10-13 13:14:11.371 [main] Configuration -  Memory: used=66MB; free=445MB; total=512MB; max=512MB
[INFO ] 2022-10-13 13:14:11.372 [main] Configuration - 
[INFO ] 2022-10-13 13:14:11.375 [main] Configuration -  Authentication: file
[INFO ] 2022-10-13 13:14:11.376 [main] Configuration -  Data storage: file
[INFO ] 2022-10-13 13:14:11.379 [main] Configuration -  Search: lucene
[INFO ] 2022-10-13 13:14:11.619 [main] Configuration - ***********************************************************************************
[INFO ] 2022-10-13 13:15:18.142 [http-nio-8080-exec-7] AuthenticationSuccessHandler - structurizr successfully authenticated
[INFO ] 2022-10-13 13:23:29.433 [http-nio-8080-exec-4] AuthenticationSuccessHandler - structurizr successfully authenticated
